<?xml version="1.0" encoding="UTF-8"?>
<Site BuildName="Linux-clang++"
	BuildStamp="20231204-0546-Experimental"
	Name="fedora"
	Generator="ctest-3.27.7"
	CompilerName="/usr/bin/clang++"
	CompilerVersion="16.0.6"
	OSName="Linux"
	Hostname="fedora"
	OSRelease="6.5.12-200.fc38.x86_64"
	OSVersion="#1 SMP PREEMPT_DYNAMIC Mon Nov 20 22:12:09 UTC 2023"
	OSPlatform="x86_64"
	Is64Bits="1"
	VendorString="GenuineIntel"
	VendorID="Intel Corporation"
	FamilyID="6"
	ModelID="140"
	ProcessorCacheSize="8192"
	NumberOfLogicalCPU="8"
	NumberOfPhysicalCPU="4"
	TotalVirtualMemory="8191"
	TotalPhysicalMemory="15603"
	LogicalProcessorsPerPhysical="2"
	ProcessorClockFrequency="4159.51"
	>
	<Testing>
		<StartDateTime>Dec 04 13:46 CST</StartDateTime>
		<StartTestTime>1701668800</StartTestTime>
		<TestList/>
		<EndDateTime>Dec 04 13:46 CST</EndDateTime>
		<EndTestTime>1701668800</EndTestTime>
		<ElapsedMinutes>0</ElapsedMinutes>
	</Testing>
</Site>
